<?xml version="1.0" encoding="UTF-8"?>
<testng-results skipped="0" failed="0" ignored="0" total="2" passed="2">
  <reporter-output>
  </reporter-output>
  <suite name="Suite" duration-ms="28880" started-at="2024-04-15T14:10:31Z" finished-at="2024-04-15T14:10:59Z">
    <groups>
    </groups>
    <test name="Test" duration-ms="28880" started-at="2024-04-15T14:10:31Z" finished-at="2024-04-15T14:10:59Z">
      <class name="OrangeHRM.Orangehrm.Orangepractice">
        <test-method status="PASS" signature="beforeTest()[pri:0, instance:OrangeHRM.Orangehrm.Orangepractice@5383967b]" name="beforeTest" is-config="true" duration-ms="6929" started-at="2024-04-15T14:10:31Z" finished-at="2024-04-15T14:10:37Z">
          <reporter-output>
          </reporter-output>
        </test-method> <!-- beforeTest -->
        <test-method status="PASS" signature="OrangeLoginFailure()[pri:1, instance:OrangeHRM.Orangehrm.Orangepractice@5383967b]" name="OrangeLoginFailure" duration-ms="12027" started-at="2024-04-15T14:10:37Z" finished-at="2024-04-15T14:10:49Z">
          <reporter-output>
          </reporter-output>
        </test-method> <!-- OrangeLoginFailure -->
        <test-method status="PASS" signature="OrangeLoginSuccess()[pri:2, instance:OrangeHRM.Orangehrm.Orangepractice@5383967b]" name="OrangeLoginSuccess" duration-ms="9249" started-at="2024-04-15T14:10:49Z" finished-at="2024-04-15T14:10:59Z">
          <reporter-output>
          </reporter-output>
        </test-method> <!-- OrangeLoginSuccess -->
        <test-method status="PASS" signature="afterTest()[pri:0, instance:OrangeHRM.Orangehrm.Orangepractice@5383967b]" name="afterTest" is-config="true" duration-ms="661" started-at="2024-04-15T14:10:59Z" finished-at="2024-04-15T14:10:59Z">
          <reporter-output>
          </reporter-output>
        </test-method> <!-- afterTest -->
      </class> <!-- OrangeHRM.Orangehrm.Orangepractice -->
    </test> <!-- Test -->
  </suite> <!-- Suite -->
</testng-results>
